Determining if the pthread_create exist failed with the following output:
Change Dir: /home/ubuntu/Flight2/build/CMakeFiles/CMakeTmp

Run Build Command:"/usr/bin/make" "cmTC_edcf8/fast"
/usr/bin/make -f CMakeFiles/cmTC_edcf8.dir/build.make CMakeFiles/cmTC_edcf8.dir/build
make[1]: Entering directory `/home/ubuntu/Flight2/build/CMakeFiles/CMakeTmp'
Building C object CMakeFiles/cmTC_edcf8.dir/CheckSymbolExists.c.o
/usr/bin/cc   -fPIC    -o CMakeFiles/cmTC_edcf8.dir/CheckSymbolExists.c.o   -c /home/ubuntu/Flight2/build/CMakeFiles/CMakeTmp/CheckSymbolExists.c
Linking C executable cmTC_edcf8
/usr/local/bin/cmake -E cmake_link_script CMakeFiles/cmTC_edcf8.dir/link.txt --verbose=1
/usr/bin/cc -fPIC     -rdynamic CMakeFiles/cmTC_edcf8.dir/CheckSymbolExists.c.o  -o cmTC_edcf8 
CMakeFiles/cmTC_edcf8.dir/CheckSymbolExists.c.o: In function `main':
CheckSymbolExists.c:(.text+0x2c): undefined reference to `pthread_create'
collect2: error: ld returned 1 exit status
make[1]: *** [cmTC_edcf8] Error 1
make[1]: Leaving directory `/home/ubuntu/Flight2/build/CMakeFiles/CMakeTmp'
make: *** [cmTC_edcf8/fast] Error 2

File /home/ubuntu/Flight2/build/CMakeFiles/CMakeTmp/CheckSymbolExists.c:
/* */
#include <pthread.h>

int main(int argc, char** argv)
{
  (void)argv;
#ifndef pthread_create
  return ((int*)(&pthread_create))[argc];
#else
  (void)argc;
  return 0;
#endif
}

Determining if the function pthread_create exists in the pthreads failed with the following output:
Change Dir: /home/ubuntu/Flight2/build/CMakeFiles/CMakeTmp

Run Build Command:"/usr/bin/make" "cmTC_70448/fast"
/usr/bin/make -f CMakeFiles/cmTC_70448.dir/build.make CMakeFiles/cmTC_70448.dir/build
make[1]: Entering directory `/home/ubuntu/Flight2/build/CMakeFiles/CMakeTmp'
make[1]: Warning: File `/usr/local/share/cmake-3.8/Modules/CheckFunctionExists.c' has modification time 5.5e+08 s in the future
Building C object CMakeFiles/cmTC_70448.dir/CheckFunctionExists.c.o
/usr/bin/cc   -fPIC -DCHECK_FUNCTION_EXISTS=pthread_create   -o CMakeFiles/cmTC_70448.dir/CheckFunctionExists.c.o   -c /usr/local/share/cmake-3.8/Modules/CheckFunctionExists.c
Linking C executable cmTC_70448
/usr/local/bin/cmake -E cmake_link_script CMakeFiles/cmTC_70448.dir/link.txt --verbose=1
/usr/bin/cc -fPIC -DCHECK_FUNCTION_EXISTS=pthread_create    -rdynamic CMakeFiles/cmTC_70448.dir/CheckFunctionExists.c.o  -o cmTC_70448 -lpthreads 
/usr/bin/ld: cannot find -lpthreads
collect2: error: ld returned 1 exit status
make[1]: *** [cmTC_70448] Error 1
make[1]: Leaving directory `/home/ubuntu/Flight2/build/CMakeFiles/CMakeTmp'
make: *** [cmTC_70448/fast] Error 2


